[0.020s] Invoking command in '/home/vincent/pfe/ws/build/skid_drive_controller': CMAKE_PREFIX_PATH=${CMAKE_PREFIX_PATH}:/opt/ros/humble /usr/bin/cmake --build /home/vincent/pfe/ws/build/skid_drive_controller -- -j16 -l16
[0.094s] [ 20%] Built target skid_drive_controller_parameters
[0.117s] [35m[1mConsolidate compiler generated dependencies of target skid_drive_controller[0m
[0.157s] [ 40%] [32mBuilding CXX object CMakeFiles/skid_drive_controller.dir/src/skid_drive_controller.cpp.o[0m
[3.696s] [01m[K/home/vincent/pfe/ws/src/skid_drive_controller/src/skid_drive_controller.cpp:[m[K In lambda function:
[3.696s] [01m[K/home/vincent/pfe/ws/src/skid_drive_controller/src/skid_drive_controller.cpp:407:40:[m[K [01;31m[Kerror: [m[Kbase operand of â€˜[01m[K->[m[Kâ€™ has non-pointer type â€˜[01m[Knav_msgs::msg::Odometry_<std::allocator<void> >::_twist_type[m[Kâ€™ {aka â€˜[01m[Kgeometry_msgs::msg::TwistWithCovariance_<std::allocator<void> >[m[Kâ€™}
[3.696s]   407 |       measured_odom_twist_ = msg->twist[01;31m[K->[m[Ktwist;
[3.696s]       |                                        [01;31m[K^~[m[K
[8.003s] gmake[2]: *** [CMakeFiles/skid_drive_controller.dir/build.make:76: CMakeFiles/skid_drive_controller.dir/src/skid_drive_controller.cpp.o] Error 1
[8.004s] gmake[1]: *** [CMakeFiles/Makefile2:165: CMakeFiles/skid_drive_controller.dir/all] Error 2
[8.004s] gmake: *** [Makefile:146: all] Error 2
[8.007s] Invoked command in '/home/vincent/pfe/ws/build/skid_drive_controller' returned '2': CMAKE_PREFIX_PATH=${CMAKE_PREFIX_PATH}:/opt/ros/humble /usr/bin/cmake --build /home/vincent/pfe/ws/build/skid_drive_controller -- -j16 -l16
