[0.022s] Invoking command in '/home/vincent/pfe/ws/build/skid_drive_controller': CMAKE_PREFIX_PATH=${CMAKE_PREFIX_PATH}:/opt/ros/humble /usr/bin/cmake --build /home/vincent/pfe/ws/build/skid_drive_controller -- -j16 -l16
[0.109s] [ 20%] Built target skid_drive_controller_parameters
[0.135s] [35m[1mConsolidate compiler generated dependencies of target skid_drive_controller[0m
[0.179s] [ 40%] [32mBuilding CXX object CMakeFiles/skid_drive_controller.dir/src/skid_drive_controller.cpp.o[0m
[3.767s] In file included from [01m[K/home/vincent/pfe/ws/src/skid_drive_controller/src/skid_drive_controller.cpp:25[m[K:
[3.767s] [01m[K/home/vincent/pfe/ws/src/skid_drive_controller/include/skid_drive_controller/skid_drive_controller.hpp:161:41:[m[K [01;31m[Kerror: [m[Ktemplate argument 1 is invalid
[3.767s]   161 |   std::shared_ptr<nav_msgs::msg<Odometry[01;31m[K>>[m[K measured_odom_;
[3.767s]       |                                         [01;31m[K^~[m[K
[3.807s] [01m[K/home/vincent/pfe/ws/src/skid_drive_controller/src/skid_drive_controller.cpp:[m[K In lambda function:
[3.807s] [01m[K/home/vincent/pfe/ws/src/skid_drive_controller/src/skid_drive_controller.cpp:407:24:[m[K [01;31m[Kerror: [m[Kcannot convert â€˜[01m[Kconst std::shared_ptr<nav_msgs::msg::Odometry_<std::allocator<void> > >[m[Kâ€™ to â€˜[01m[Kint[m[Kâ€™ in assignment
[3.807s]   407 |       measured_odom_ = [01;31m[Kmsg[m[K;
[3.807s]       |                        [01;31m[K^~~[m[K
[3.807s]       |                        [01;31m[K|[m[K
[3.807s]       |                        [01;31m[Kconst std::shared_ptr<nav_msgs::msg::Odometry_<std::allocator<void> > >[m[K
[7.918s] gmake[2]: *** [CMakeFiles/skid_drive_controller.dir/build.make:76: CMakeFiles/skid_drive_controller.dir/src/skid_drive_controller.cpp.o] Error 1
[7.919s] gmake[1]: *** [CMakeFiles/Makefile2:165: CMakeFiles/skid_drive_controller.dir/all] Error 2
[7.919s] gmake: *** [Makefile:146: all] Error 2
[7.922s] Invoked command in '/home/vincent/pfe/ws/build/skid_drive_controller' returned '2': CMAKE_PREFIX_PATH=${CMAKE_PREFIX_PATH}:/opt/ros/humble /usr/bin/cmake --build /home/vincent/pfe/ws/build/skid_drive_controller -- -j16 -l16
