[0.023s] Invoking command in '/home/vincent/pfe/ws/build/skid_drive_controller': CMAKE_PREFIX_PATH=${CMAKE_PREFIX_PATH}:/opt/ros/humble /usr/bin/cmake --build /home/vincent/pfe/ws/build/skid_drive_controller -- -j16 -l16
[0.111s] [ 20%] Built target skid_drive_controller_parameters
[0.160s] [ 40%] [32mBuilding CXX object CMakeFiles/skid_drive_controller.dir/src/skid_drive_controller.cpp.o[0m
[5.218s] In file included from [01m[K/home/vincent/pfe/ws/src/skid_drive_controller/src/skid_drive_controller.cpp:25[m[K:
[5.218s] [01m[K/home/vincent/pfe/ws/src/skid_drive_controller/include/skid_drive_controller/skid_drive_controller.hpp:161:30:[m[K [01;31m[Kerror: [m[Kâ€˜[01m[K_twist_type[m[Kâ€™ in â€˜[01m[Kusing Twist = struct geometry_msgs::msg::Twist_<std::allocator<void> >[m[Kâ€™ {aka â€˜[01m[Kstruct geometry_msgs::msg::Twist_<std::allocator<void> >[m[Kâ€™} does not name a type
[5.218s]   161 |   geometry_msgs::msg::Twist::[01;31m[K_twist_type[m[K measured_odom_twist_{nullptr};
[5.218s]       |                              [01;31m[K^~~~~~~~~~~[m[K
[5.267s] [01m[K/home/vincent/pfe/ws/src/skid_drive_controller/src/skid_drive_controller.cpp:[m[K In member function â€˜[01m[Kvirtual controller_interface::return_type skid_drive_controller::SkidDriveController::update(const rclcpp::Time&, const rclcpp::Duration&)[m[Kâ€™:
[5.267s] [01m[K/home/vincent/pfe/ws/src/skid_drive_controller/src/skid_drive_controller.cpp:245:37:[m[K [01;31m[Kerror: [m[Kâ€˜[01m[Kmeasured_odom_twist_[m[Kâ€™ was not declared in this scope
[5.267s]   245 |   linear_command = linear_command + [01;31m[Kmeasured_odom_twist_[m[K->linear.x;
[5.267s]       |                                     [01;31m[K^~~~~~~~~~~~~~~~~~~~[m[K
[5.299s] [01m[K/home/vincent/pfe/ws/src/skid_drive_controller/src/skid_drive_controller.cpp:[m[K In lambda function:
[5.299s] [01m[K/home/vincent/pfe/ws/src/skid_drive_controller/src/skid_drive_controller.cpp:407:7:[m[K [01;31m[Kerror: [m[Kâ€˜[01m[Kmeasured_odom_twist_[m[Kâ€™ was not declared in this scope
[5.299s]   407 |       [01;31m[Kmeasured_odom_twist_[m[K = msg->twist.twist;
[5.300s]       |       [01;31m[K^~~~~~~~~~~~~~~~~~~~[m[K
[9.968s] gmake[2]: *** [CMakeFiles/skid_drive_controller.dir/build.make:76: CMakeFiles/skid_drive_controller.dir/src/skid_drive_controller.cpp.o] Error 1
[9.969s] gmake[1]: *** [CMakeFiles/Makefile2:165: CMakeFiles/skid_drive_controller.dir/all] Error 2
[9.969s] gmake: *** [Makefile:146: all] Error 2
[9.973s] Invoked command in '/home/vincent/pfe/ws/build/skid_drive_controller' returned '2': CMAKE_PREFIX_PATH=${CMAKE_PREFIX_PATH}:/opt/ros/humble /usr/bin/cmake --build /home/vincent/pfe/ws/build/skid_drive_controller -- -j16 -l16
