[0.016s] Invoking command in '/home/vincent/pfe/ws/build/skid_drive_controller': CMAKE_PREFIX_PATH=${CMAKE_PREFIX_PATH}:/opt/ros/humble /usr/bin/cmake --build /home/vincent/pfe/ws/build/skid_drive_controller -- -j16 -l16
[0.082s] [ 20%] Built target skid_drive_controller_parameters
[0.098s] [35m[1mConsolidate compiler generated dependencies of target skid_drive_controller[0m
[0.133s] [ 40%] [32mBuilding CXX object CMakeFiles/skid_drive_controller.dir/src/skid_drive_controller.cpp.o[0m
[3.947s] [01m[K/home/vincent/pfe/ws/src/skid_drive_controller/src/skid_drive_controller.cpp:[m[K In member function â€˜[01m[Kvirtual controller_interface::return_type skid_drive_controller::SkidDriveController::update(const rclcpp::Time&, const rclcpp::Duration&)[m[Kâ€™:
[3.947s] [01m[K/home/vincent/pfe/ws/src/skid_drive_controller/src/skid_drive_controller.cpp:245:37:[m[K [01;31m[Kerror: [m[Kâ€˜[01m[Kmeasured_odom_[m[Kâ€™ was not declared in this scope; did you mean â€˜[01m[Kmeasured_odom_twist_[m[Kâ€™?
[3.947s]   245 |   linear_command = linear_command + [01;31m[Kmeasured_odom_[m[K;
[3.947s]       |                                     [01;31m[K^~~~~~~~~~~~~~[m[K
[3.947s]       |                                     [32m[Kmeasured_odom_twist_[m[K
[3.990s] [01m[K/home/vincent/pfe/ws/src/skid_drive_controller/src/skid_drive_controller.cpp:[m[K In lambda function:
[3.990s] [01m[K/home/vincent/pfe/ws/src/skid_drive_controller/src/skid_drive_controller.cpp:407:7:[m[K [01;31m[Kerror: [m[Kâ€˜[01m[Kmeasured_odom_[m[Kâ€™ was not declared in this scope; did you mean â€˜[01m[Kmeasured_odom_twist_[m[Kâ€™?
[3.990s]   407 |       [01;31m[Kmeasured_odom_[m[K = msg;
[3.990s]       |       [01;31m[K^~~~~~~~~~~~~~[m[K
[3.990s]       |       [32m[Kmeasured_odom_twist_[m[K
[9.235s] gmake[2]: *** [CMakeFiles/skid_drive_controller.dir/build.make:76: CMakeFiles/skid_drive_controller.dir/src/skid_drive_controller.cpp.o] Error 1
[9.235s] gmake[1]: *** [CMakeFiles/Makefile2:165: CMakeFiles/skid_drive_controller.dir/all] Error 2
[9.236s] gmake: *** [Makefile:146: all] Error 2
[9.240s] Invoked command in '/home/vincent/pfe/ws/build/skid_drive_controller' returned '2': CMAKE_PREFIX_PATH=${CMAKE_PREFIX_PATH}:/opt/ros/humble /usr/bin/cmake --build /home/vincent/pfe/ws/build/skid_drive_controller -- -j16 -l16
