[01m[K/home/vincent/pfe/ws/src/skid_drive_controller/src/skid_drive_controller.cpp:[m[K In member function â€˜[01m[Kvirtual controller_interface::return_type skid_drive_controller::SkidDriveController::update(const rclcpp::Time&, const rclcpp::Duration&)[m[Kâ€™:
[01m[K/home/vincent/pfe/ws/src/skid_drive_controller/src/skid_drive_controller.cpp:245:37:[m[K [01;31m[Kerror: [m[Kâ€˜[01m[Kmeasured_odom_[m[Kâ€™ was not declared in this scope; did you mean â€˜[01m[Kmeasured_odom_twist_[m[Kâ€™?
  245 |   linear_command = linear_command + [01;31m[Kmeasured_odom_[m[K;
      |                                     [01;31m[K^~~~~~~~~~~~~~[m[K
      |                                     [32m[Kmeasured_odom_twist_[m[K
[01m[K/home/vincent/pfe/ws/src/skid_drive_controller/src/skid_drive_controller.cpp:[m[K In lambda function:
[01m[K/home/vincent/pfe/ws/src/skid_drive_controller/src/skid_drive_controller.cpp:407:7:[m[K [01;31m[Kerror: [m[Kâ€˜[01m[Kmeasured_odom_[m[Kâ€™ was not declared in this scope; did you mean â€˜[01m[Kmeasured_odom_twist_[m[Kâ€™?
  407 |       [01;31m[Kmeasured_odom_[m[Ktwist_ = msg->twist.twist;
      |       [01;31m[K^~~~~~~~~~~~~~[m[K
      |       [32m[Kmeasured_odom_twist_[m[K
gmake[2]: *** [CMakeFiles/skid_drive_controller.dir/build.make:76: CMakeFiles/skid_drive_controller.dir/src/skid_drive_controller.cpp.o] Interrupt
gmake[1]: *** [CMakeFiles/Makefile2:165: CMakeFiles/skid_drive_controller.dir/all] Interrupt
gmake: *** [Makefile:146: all] Interrupt
