[0.029s] Invoking command in '/home/vincent/pfe/ws/build/skid_drive_controller': CMAKE_PREFIX_PATH=${CMAKE_PREFIX_PATH}:/opt/ros/humble /usr/bin/cmake --build /home/vincent/pfe/ws/build/skid_drive_controller -- -j16 -l16
[0.148s] [ 20%] Built target skid_drive_controller_parameters
[0.196s] [35m[1mConsolidate compiler generated dependencies of target skid_drive_controller[0m
[0.280s] [ 40%] [32mBuilding CXX object CMakeFiles/skid_drive_controller.dir/src/skid_drive_controller.cpp.o[0m
[6.912s] [01m[K/home/vincent/pfe/ws/src/skid_drive_controller/src/skid_drive_controller.cpp:[m[K In member function â€˜[01m[Kvirtual controller_interface::return_type skid_drive_controller::SkidDriveController::update(const rclcpp::Time&, const rclcpp::Duration&)[m[Kâ€™:
[6.912s] [01m[K/home/vincent/pfe/ws/src/skid_drive_controller/src/skid_drive_controller.cpp:245:37:[m[K [01;31m[Kerror: [m[Kâ€˜[01m[Kmeasured_odom_[m[Kâ€™ was not declared in this scope; did you mean â€˜[01m[Kmeasured_odom_twist_[m[Kâ€™?
[6.912s]   245 |   linear_command = linear_command + [01;31m[Kmeasured_odom_[m[K;
[6.913s]       |                                     [01;31m[K^~~~~~~~~~~~~~[m[K
[6.913s]       |                                     [32m[Kmeasured_odom_twist_[m[K
[6.987s] [01m[K/home/vincent/pfe/ws/src/skid_drive_controller/src/skid_drive_controller.cpp:[m[K In lambda function:
[6.987s] [01m[K/home/vincent/pfe/ws/src/skid_drive_controller/src/skid_drive_controller.cpp:407:7:[m[K [01;31m[Kerror: [m[Kâ€˜[01m[Kmeasured_odom_[m[Kâ€™ was not declared in this scope; did you mean â€˜[01m[Kmeasured_odom_twist_[m[Kâ€™?
[6.987s]   407 |       [01;31m[Kmeasured_odom_[m[Ktwist_ = msg->twist.twist;
[6.987s]       |       [01;31m[K^~~~~~~~~~~~~~[m[K
[6.988s]       |       [32m[Kmeasured_odom_twist_[m[K
[7.296s] gmake[2]: *** [CMakeFiles/skid_drive_controller.dir/build.make:76: CMakeFiles/skid_drive_controller.dir/src/skid_drive_controller.cpp.o] Interrupt
[7.297s] gmake[1]: *** [CMakeFiles/Makefile2:165: CMakeFiles/skid_drive_controller.dir/all] Interrupt
[7.297s] gmake: *** [Makefile:146: all] Interrupt
[7.390s] Invoked command in '/home/vincent/pfe/ws/build/skid_drive_controller' returned '-2': CMAKE_PREFIX_PATH=${CMAKE_PREFIX_PATH}:/opt/ros/humble /usr/bin/cmake --build /home/vincent/pfe/ws/build/skid_drive_controller -- -j16 -l16
