[0.014s] Invoking command in '/home/vincent/pfe/ws/build/skid_drive_controller': CMAKE_PREFIX_PATH=${CMAKE_PREFIX_PATH}:/opt/ros/humble /usr/bin/cmake --build /home/vincent/pfe/ws/build/skid_drive_controller -- -j16 -l16
[0.068s] [ 20%] Built target skid_drive_controller_parameters
[0.080s] [35m[1mConsolidate compiler generated dependencies of target skid_drive_controller[0m
[0.109s] [ 40%] [32mBuilding CXX object CMakeFiles/skid_drive_controller.dir/src/skid_drive_controller.cpp.o[0m
[3.112s] In file included from [01m[K/home/vincent/pfe/ws/src/skid_drive_controller/src/skid_drive_controller.cpp:25[m[K:
[3.112s] [01m[K/home/vincent/pfe/ws/src/skid_drive_controller/include/skid_drive_controller/skid_drive_controller.hpp:161:19:[m[K [01;31m[Kerror: [m[Kâ€˜[01m[Knav_msg[m[Kâ€™ was not declared in this scope; did you mean â€˜[01m[Knav_msgs[m[Kâ€™?
[3.112s]   161 |   std::shared_ptr<[01;31m[Knav_msg[m[K::msg<Odometry>> measured_odom_;
[3.112s]       |                   [01;31m[K^~~~~~~[m[K
[3.112s]       |                   [32m[Knav_msgs[m[K
[3.113s] [01m[K/home/vincent/pfe/ws/src/skid_drive_controller/include/skid_drive_controller/skid_drive_controller.hpp:161:40:[m[K [01;31m[Kerror: [m[Ktemplate argument 1 is invalid
[3.113s]   161 |   std::shared_ptr<nav_msg::msg<Odometry[01;31m[K>>[m[K measured_odom_;
[3.113s]       |                                        [01;31m[K^~[m[K
[3.148s] [01m[K/home/vincent/pfe/ws/src/skid_drive_controller/src/skid_drive_controller.cpp:[m[K In lambda function:
[3.148s] [01m[K/home/vincent/pfe/ws/src/skid_drive_controller/src/skid_drive_controller.cpp:407:24:[m[K [01;31m[Kerror: [m[Kcannot convert â€˜[01m[Kconst std::shared_ptr<nav_msgs::msg::Odometry_<std::allocator<void> > >[m[Kâ€™ to â€˜[01m[Kint[m[Kâ€™ in assignment
[3.148s]   407 |       measured_odom_ = [01;31m[Kmsg[m[K;
[3.148s]       |                        [01;31m[K^~~[m[K
[3.148s]       |                        [01;31m[K|[m[K
[3.148s]       |                        [01;31m[Kconst std::shared_ptr<nav_msgs::msg::Odometry_<std::allocator<void> > >[m[K
[7.157s] gmake[2]: *** [CMakeFiles/skid_drive_controller.dir/build.make:76: CMakeFiles/skid_drive_controller.dir/src/skid_drive_controller.cpp.o] Error 1
[7.158s] gmake[1]: *** [CMakeFiles/Makefile2:165: CMakeFiles/skid_drive_controller.dir/all] Error 2
[7.158s] gmake: *** [Makefile:146: all] Error 2
[7.161s] Invoked command in '/home/vincent/pfe/ws/build/skid_drive_controller' returned '2': CMAKE_PREFIX_PATH=${CMAKE_PREFIX_PATH}:/opt/ros/humble /usr/bin/cmake --build /home/vincent/pfe/ws/build/skid_drive_controller -- -j16 -l16
