[0.019s] Invoking command in '/home/vincent/pfe/ws/build/skid_drive_controller': CMAKE_PREFIX_PATH=${CMAKE_PREFIX_PATH}:/opt/ros/humble /usr/bin/cmake --build /home/vincent/pfe/ws/build/skid_drive_controller -- -j16 -l16
[0.096s] [ 20%] Built target skid_drive_controller_parameters
[0.117s] [35m[1mConsolidate compiler generated dependencies of target skid_drive_controller[0m
[0.154s] [ 40%] [32mBuilding CXX object CMakeFiles/skid_drive_controller.dir/src/skid_drive_controller.cpp.o[0m
[4.092s] In file included from [01m[K/home/vincent/pfe/ws/src/skid_drive_controller/src/skid_drive_controller.cpp:25[m[K:
[4.092s] [01m[K/home/vincent/pfe/ws/src/skid_drive_controller/include/skid_drive_controller/skid_drive_controller.hpp:161:19:[m[K [01;31m[Kerror: [m[Kâ€˜[01m[Knav_msg[m[Kâ€™ was not declared in this scope; did you mean â€˜[01m[Knav_msgs[m[Kâ€™?
[4.092s]   161 |   std::shared_ptr<[01;31m[Knav_msg[m[K::msg::Odometry> measured_odom_;
[4.092s]       |                   [01;31m[K^~~~~~~[m[K
[4.092s]       |                   [32m[Knav_msgs[m[K
[4.092s] [01m[K/home/vincent/pfe/ws/src/skid_drive_controller/include/skid_drive_controller/skid_drive_controller.hpp:161:41:[m[K [01;31m[Kerror: [m[Ktemplate argument 1 is invalid
[4.092s]   161 |   std::shared_ptr<nav_msg::msg::Odometry[01;31m[K>[m[K measured_odom_;
[4.093s]       |                                         [01;31m[K^[m[K
[4.146s] [01m[K/home/vincent/pfe/ws/src/skid_drive_controller/src/skid_drive_controller.cpp:[m[K In lambda function:
[4.147s] [01m[K/home/vincent/pfe/ws/src/skid_drive_controller/src/skid_drive_controller.cpp:407:24:[m[K [01;31m[Kerror: [m[Kcannot convert â€˜[01m[Kconst std::shared_ptr<nav_msgs::msg::Odometry_<std::allocator<void> > >[m[Kâ€™ to â€˜[01m[Kint[m[Kâ€™ in assignment
[4.147s]   407 |       measured_odom_ = [01;31m[Kmsg[m[K;
[4.147s]       |                        [01;31m[K^~~[m[K
[4.147s]       |                        [01;31m[K|[m[K
[4.147s]       |                        [01;31m[Kconst std::shared_ptr<nav_msgs::msg::Odometry_<std::allocator<void> > >[m[K
[9.257s] gmake[2]: *** [CMakeFiles/skid_drive_controller.dir/build.make:76: CMakeFiles/skid_drive_controller.dir/src/skid_drive_controller.cpp.o] Error 1
[9.258s] gmake[1]: *** [CMakeFiles/Makefile2:165: CMakeFiles/skid_drive_controller.dir/all] Error 2
[9.258s] gmake: *** [Makefile:146: all] Error 2
[9.261s] Invoked command in '/home/vincent/pfe/ws/build/skid_drive_controller' returned '2': CMAKE_PREFIX_PATH=${CMAKE_PREFIX_PATH}:/opt/ros/humble /usr/bin/cmake --build /home/vincent/pfe/ws/build/skid_drive_controller -- -j16 -l16
