[ 20%] Built target skid_drive_controller_parameters
[35m[1mConsolidate compiler generated dependencies of target skid_drive_controller[0m
[ 40%] [32mBuilding CXX object CMakeFiles/skid_drive_controller.dir/src/skid_drive_controller.cpp.o[0m
In file included from [01m[K/home/vincent/pfe/ws/src/skid_drive_controller/src/skid_drive_controller.cpp:25[m[K:
[01m[K/home/vincent/pfe/ws/src/skid_drive_controller/include/skid_drive_controller/skid_drive_controller.hpp:161:30:[m[K [01;31m[Kerror: [m[Kâ€˜[01m[K_twist_type[m[Kâ€™ in â€˜[01m[Kusing Twist = struct geometry_msgs::msg::Twist_<std::allocator<void> >[m[Kâ€™ {aka â€˜[01m[Kstruct geometry_msgs::msg::Twist_<std::allocator<void> >[m[Kâ€™} does not name a type
  161 |   geometry_msgs::msg::Twist::[01;31m[K_twist_type[m[K measured_odom_twist_{nullptr};
      |                              [01;31m[K^~~~~~~~~~~[m[K
[01m[K/home/vincent/pfe/ws/src/skid_drive_controller/src/skid_drive_controller.cpp:[m[K In member function â€˜[01m[Kvirtual controller_interface::return_type skid_drive_controller::SkidDriveController::update(const rclcpp::Time&, const rclcpp::Duration&)[m[Kâ€™:
[01m[K/home/vincent/pfe/ws/src/skid_drive_controller/src/skid_drive_controller.cpp:245:37:[m[K [01;31m[Kerror: [m[Kâ€˜[01m[Kmeasured_odom_twist_[m[Kâ€™ was not declared in this scope
  245 |   linear_command = linear_command + [01;31m[Kmeasured_odom_twist_[m[K->linear.x;
      |                                     [01;31m[K^~~~~~~~~~~~~~~~~~~~[m[K
[01m[K/home/vincent/pfe/ws/src/skid_drive_controller/src/skid_drive_controller.cpp:[m[K In lambda function:
[01m[K/home/vincent/pfe/ws/src/skid_drive_controller/src/skid_drive_controller.cpp:407:7:[m[K [01;31m[Kerror: [m[Kâ€˜[01m[Kmeasured_odom_twist_[m[Kâ€™ was not declared in this scope
  407 |       [01;31m[Kmeasured_odom_twist_[m[K = msg->twist->twist;
      |       [01;31m[K^~~~~~~~~~~~~~~~~~~~[m[K
[01m[K/home/vincent/pfe/ws/src/skid_drive_controller/src/skid_drive_controller.cpp:407:40:[m[K [01;31m[Kerror: [m[Kbase operand of â€˜[01m[K->[m[Kâ€™ has non-pointer type â€˜[01m[Knav_msgs::msg::Odometry_<std::allocator<void> >::_twist_type[m[Kâ€™ {aka â€˜[01m[Kgeometry_msgs::msg::TwistWithCovariance_<std::allocator<void> >[m[Kâ€™}
  407 |       measured_odom_twist_ = msg->twist[01;31m[K->[m[Ktwist;
      |                                        [01;31m[K^~[m[K
gmake[2]: *** [CMakeFiles/skid_drive_controller.dir/build.make:76: CMakeFiles/skid_drive_controller.dir/src/skid_drive_controller.cpp.o] Interrupt
gmake[1]: *** [CMakeFiles/Makefile2:165: CMakeFiles/skid_drive_controller.dir/all] Interrupt
gmake: *** [Makefile:146: all] Interrupt
