-- The CXX compiler identification is GNU 11.4.0
-- Detecting CXX compiler ABI info
-- Detecting CXX compiler ABI info - done
-- Check for working CXX compiler: /usr/bin/c++ - skipped
-- Detecting CXX compile features
-- Detecting CXX compile features - done
-- Found ament_cmake: 1.3.9 (/opt/ros/humble/share/ament_cmake/cmake)
-- Found Python3: /usr/bin/python3 (found version "3.10.12") found components: Interpreter 
-- Found backward_ros: 1.0.2 (/opt/ros/humble/share/backward_ros/cmake)
-- Found libdw: /usr/lib/x86_64-linux-gnu/libdw.so  
-- Could NOT find libbfd (missing: LIBBFD_LIBRARY LIBBFD_INCLUDE_DIR) 
-- BACKWARD_HAS_UNWIND=1
-- BACKWARD_HAS_BACKTRACE=0
-- BACKWARD_HAS_BACKTRACE_SYMBOL=0
-- BACKWARD_HAS_DW=1
-- BACKWARD_HAS_BFD=0
-- Found Backward: /opt/ros/humble/share/backward_ros/cmake  
-- Found controller_interface: 2.41.0 (/opt/ros/humble/share/controller_interface/cmake)
-- Found rosidl_generator_c: 3.1.5 (/opt/ros/humble/share/rosidl_generator_c/cmake)
-- Found rosidl_adapter: 3.1.5 (/opt/ros/humble/share/rosidl_adapter/cmake)
-- Found rosidl_generator_cpp: 3.1.5 (/opt/ros/humble/share/rosidl_generator_cpp/cmake)
-- Using all available rosidl_typesupport_c: rosidl_typesupport_fastrtps_c;rosidl_typesupport_introspection_c
-- Using all available rosidl_typesupport_cpp: rosidl_typesupport_fastrtps_cpp;rosidl_typesupport_introspection_cpp
-- Found rmw_implementation_cmake: 6.1.2 (/opt/ros/humble/share/rmw_implementation_cmake/cmake)
-- Found rmw_fastrtps_cpp: 6.2.6 (/opt/ros/humble/share/rmw_fastrtps_cpp/cmake)
-- Found TinyXML2 via Config file: TinyXML2_DIR-NOTFOUND
-- Found OpenSSL: /usr/lib/x86_64-linux-gnu/libcrypto.so (found version "3.0.2")  
-- Found TinyXML2 via Config file: TinyXML2_DIR-NOTFOUND
-- Found FastRTPS: /opt/ros/humble/include  
-- Found TinyXML2 via Config file: TinyXML2_DIR-NOTFOUND
-- Found TinyXML2 via Config file: TinyXML2_DIR-NOTFOUND
-- Using RMW implementation 'rmw_fastrtps_cpp' as default
-- Looking for C++ include pthread.h
-- Looking for C++ include pthread.h - found
-- Performing Test CMAKE_HAVE_LIBC_PTHREAD
-- Performing Test CMAKE_HAVE_LIBC_PTHREAD - Success
-- Found Threads: TRUE  
-- Found generate_parameter_library: 0.3.8 (/opt/ros/humble/share/generate_parameter_library/cmake)
-- Found parameter_traits: 0.3.8 (/opt/ros/humble/share/parameter_traits/cmake)
-- Found nav_msgs: 4.2.4 (/opt/ros/humble/share/nav_msgs/cmake)
-- Found realtime_tools: 2.5.0 (/opt/ros/humble/share/realtime_tools/cmake)
-- Found tf2: 0.25.7 (/opt/ros/humble/share/tf2/cmake)
-- Found tf2_msgs: 0.25.7 (/opt/ros/humble/share/tf2_msgs/cmake)
-- Configuring done
-- Generating done
-- Build files have been written to: /home/vincent/pfe/ws/build/skid_drive_controller
[ 20%] [34m[1mRunning `/opt/ros/humble/bin/generate_parameter_library_cpp /home/vincent/pfe/ws/build/skid_drive_controller/skid_drive_controller_parameters/include//skid_drive_controller_parameters.hpp /home/vincent/pfe/ws/src/skid_drive_controller/src/skid_drive_controller_parameter.yaml `[0m
[ 20%] Built target skid_drive_controller_parameters
[ 80%] [32mBuilding CXX object CMakeFiles/skid_drive_controller.dir/src/speed_limiter.cpp.o[0m
[ 80%] [32mBuilding CXX object CMakeFiles/skid_drive_controller.dir/src/odometry.cpp.o[0m
[ 80%] [32mBuilding CXX object CMakeFiles/skid_drive_controller.dir/src/skid_drive_controller.cpp.o[0m
[01m[K/home/vincent/pfe/ws/src/skid_drive_controller/src/skid_drive_controller.cpp:[m[K In member function â€˜[01m[Kvirtual controller_interface::CallbackReturn skid_drive_controller::SkidDriveController::on_configure(const rclcpp_lifecycle::State&)[m[Kâ€™:
[01m[K/home/vincent/pfe/ws/src/skid_drive_controller/src/skid_drive_controller.cpp:404:4:[m[K [01;31m[Kerror: [m[Kexpected â€˜[01m[K;[m[Kâ€™ before â€˜[01m[Kodometry_publisher_[m[Kâ€™
  404 |   )
      |    [01;31m[K^[m[K
      |    [32m[K;[m[K
......
  407 |   [32m[Kodometry_publisher_[m[K = get_node()->create_publisher<nav_msgs::msg::Odometry>(
      |   [32m[K~~~~~~~~~~~~~~~~~~~[m[K
gmake[2]: *** [CMakeFiles/skid_drive_controller.dir/build.make:76: CMakeFiles/skid_drive_controller.dir/src/skid_drive_controller.cpp.o] Error 1
gmake[1]: *** [CMakeFiles/Makefile2:165: CMakeFiles/skid_drive_controller.dir/all] Error 2
gmake: *** [Makefile:146: all] Error 2
