[0.009s] Invoking command in '/home/vincent/pfe/ws/build/skid_drive_controller': CMAKE_PREFIX_PATH=${CMAKE_PREFIX_PATH}:/opt/ros/humble /usr/bin/cmake /home/vincent/pfe/ws/src/skid_drive_controller -DCMAKE_INSTALL_PREFIX=/home/vincent/pfe/ws/install/skid_drive_controller
[0.159s] -- The CXX compiler identification is GNU 11.4.0
[0.170s] -- Detecting CXX compiler ABI info
[0.256s] -- Detecting CXX compiler ABI info - done
[0.261s] -- Check for working CXX compiler: /usr/bin/c++ - skipped
[0.262s] -- Detecting CXX compile features
[0.262s] -- Detecting CXX compile features - done
[0.268s] -- Found ament_cmake: 1.3.9 (/opt/ros/humble/share/ament_cmake/cmake)
[0.410s] -- Found Python3: /usr/bin/python3 (found version "3.10.12") found components: Interpreter 
[0.503s] -- Found backward_ros: 1.0.2 (/opt/ros/humble/share/backward_ros/cmake)
[0.515s] -- Found libdw: /usr/lib/x86_64-linux-gnu/libdw.so  
[0.522s] -- Could NOT find libbfd (missing: LIBBFD_LIBRARY LIBBFD_INCLUDE_DIR) 
[0.522s] -- BACKWARD_HAS_UNWIND=1
[0.522s] -- BACKWARD_HAS_BACKTRACE=0
[0.522s] -- BACKWARD_HAS_BACKTRACE_SYMBOL=0
[0.522s] -- BACKWARD_HAS_DW=1
[0.522s] -- BACKWARD_HAS_BFD=0
[0.522s] -- Found Backward: /opt/ros/humble/share/backward_ros/cmake  
[0.525s] -- Found controller_interface: 2.41.0 (/opt/ros/humble/share/controller_interface/cmake)
[0.573s] -- Found rosidl_generator_c: 3.1.5 (/opt/ros/humble/share/rosidl_generator_c/cmake)
[0.582s] -- Found rosidl_adapter: 3.1.5 (/opt/ros/humble/share/rosidl_adapter/cmake)
[0.595s] -- Found rosidl_generator_cpp: 3.1.5 (/opt/ros/humble/share/rosidl_generator_cpp/cmake)
[0.614s] -- Using all available rosidl_typesupport_c: rosidl_typesupport_fastrtps_c;rosidl_typesupport_introspection_c
[0.634s] -- Using all available rosidl_typesupport_cpp: rosidl_typesupport_fastrtps_cpp;rosidl_typesupport_introspection_cpp
[1.174s] -- Found rmw_implementation_cmake: 6.1.2 (/opt/ros/humble/share/rmw_implementation_cmake/cmake)
[1.179s] -- Found rmw_fastrtps_cpp: 6.2.6 (/opt/ros/humble/share/rmw_fastrtps_cpp/cmake)
[1.217s] -- Found TinyXML2 via Config file: TinyXML2_DIR-NOTFOUND
[1.289s] -- Found OpenSSL: /usr/lib/x86_64-linux-gnu/libcrypto.so (found version "3.0.2")  
[1.292s] -- Found TinyXML2 via Config file: TinyXML2_DIR-NOTFOUND
[1.305s] -- Found FastRTPS: /opt/ros/humble/include  
[1.312s] -- Found TinyXML2 via Config file: TinyXML2_DIR-NOTFOUND
[1.321s] -- Found TinyXML2 via Config file: TinyXML2_DIR-NOTFOUND
[1.334s] -- Using RMW implementation 'rmw_fastrtps_cpp' as default
[1.346s] -- Looking for C++ include pthread.h
[1.471s] -- Looking for C++ include pthread.h - found
[1.472s] -- Performing Test CMAKE_HAVE_LIBC_PTHREAD
[1.581s] -- Performing Test CMAKE_HAVE_LIBC_PTHREAD - Success
[1.582s] -- Found Threads: TRUE  
[1.778s] -- Found generate_parameter_library: 0.3.8 (/opt/ros/humble/share/generate_parameter_library/cmake)
[1.780s] -- Found parameter_traits: 0.3.8 (/opt/ros/humble/share/parameter_traits/cmake)
[1.806s] -- Found nav_msgs: 4.2.4 (/opt/ros/humble/share/nav_msgs/cmake)
[1.870s] -- Found realtime_tools: 2.5.0 (/opt/ros/humble/share/realtime_tools/cmake)
[1.906s] -- Found tf2: 0.25.7 (/opt/ros/humble/share/tf2/cmake)
[1.915s] -- Found tf2_msgs: 0.25.7 (/opt/ros/humble/share/tf2_msgs/cmake)
[2.212s] -- Configuring done
[2.264s] -- Generating done
[2.266s] -- Build files have been written to: /home/vincent/pfe/ws/build/skid_drive_controller
[2.278s] Invoked command in '/home/vincent/pfe/ws/build/skid_drive_controller' returned '0': CMAKE_PREFIX_PATH=${CMAKE_PREFIX_PATH}:/opt/ros/humble /usr/bin/cmake /home/vincent/pfe/ws/src/skid_drive_controller -DCMAKE_INSTALL_PREFIX=/home/vincent/pfe/ws/install/skid_drive_controller
[2.279s] Invoking command in '/home/vincent/pfe/ws/build/skid_drive_controller': CMAKE_PREFIX_PATH=${CMAKE_PREFIX_PATH}:/opt/ros/humble /usr/bin/cmake --build /home/vincent/pfe/ws/build/skid_drive_controller -- -j16 -l16
[2.332s] [ 20%] [34m[1mRunning `/opt/ros/humble/bin/generate_parameter_library_cpp /home/vincent/pfe/ws/build/skid_drive_controller/skid_drive_controller_parameters/include//skid_drive_controller_parameters.hpp /home/vincent/pfe/ws/src/skid_drive_controller/src/skid_drive_controller_parameter.yaml `[0m
[2.964s] [ 20%] Built target skid_drive_controller_parameters
[2.988s] [ 80%] [32mBuilding CXX object CMakeFiles/skid_drive_controller.dir/src/speed_limiter.cpp.o[0m
[2.988s] [ 80%] [32mBuilding CXX object CMakeFiles/skid_drive_controller.dir/src/odometry.cpp.o[0m
[2.989s] [ 80%] [32mBuilding CXX object CMakeFiles/skid_drive_controller.dir/src/skid_drive_controller.cpp.o[0m
[5.503s] [01m[K/home/vincent/pfe/ws/src/skid_drive_controller/src/skid_drive_controller.cpp:[m[K In member function â€˜[01m[Kvirtual controller_interface::CallbackReturn skid_drive_controller::SkidDriveController::on_configure(const rclcpp_lifecycle::State&)[m[Kâ€™:
[5.503s] [01m[K/home/vincent/pfe/ws/src/skid_drive_controller/src/skid_drive_controller.cpp:404:4:[m[K [01;31m[Kerror: [m[Kexpected â€˜[01m[K;[m[Kâ€™ before â€˜[01m[Kodometry_publisher_[m[Kâ€™
[5.503s]   404 |   )
[5.503s]       |    [01;31m[K^[m[K
[5.503s]       |    [32m[K;[m[K
[5.503s] ......
[5.503s]   407 |   [32m[Kodometry_publisher_[m[K = get_node()->create_publisher<nav_msgs::msg::Odometry>(
[5.503s]       |   [32m[K~~~~~~~~~~~~~~~~~~~[m[K
[10.032s] gmake[2]: *** [CMakeFiles/skid_drive_controller.dir/build.make:76: CMakeFiles/skid_drive_controller.dir/src/skid_drive_controller.cpp.o] Error 1
[10.032s] gmake[1]: *** [CMakeFiles/Makefile2:165: CMakeFiles/skid_drive_controller.dir/all] Error 2
[10.033s] gmake: *** [Makefile:146: all] Error 2
[10.035s] Invoked command in '/home/vincent/pfe/ws/build/skid_drive_controller' returned '2': CMAKE_PREFIX_PATH=${CMAKE_PREFIX_PATH}:/opt/ros/humble /usr/bin/cmake --build /home/vincent/pfe/ws/build/skid_drive_controller -- -j16 -l16
