[ 20%] Built target skid_drive_controller_parameters
[ 40%] [32mBuilding CXX object CMakeFiles/skid_drive_controller.dir/src/skid_drive_controller.cpp.o[0m
In file included from [01m[K/home/vincent/pfe/ws/src/skid_drive_controller/src/skid_drive_controller.cpp:25[m[K:
[01m[K/home/vincent/pfe/ws/src/skid_drive_controller/include/skid_drive_controller/skid_drive_controller.hpp:161:3:[m[K [01;31m[Kerror: [m[Kâ€˜[01m[Knav_msg[m[Kâ€™ does not name a type
  161 |   [01;31m[Knav_msg[m[K::msg::Odometry measured_odom_;
      |   [01;31m[K^~~~~~~[m[K
[01m[K/home/vincent/pfe/ws/src/skid_drive_controller/src/skid_drive_controller.cpp:[m[K In member function â€˜[01m[Kvirtual controller_interface::return_type skid_drive_controller::SkidDriveController::update(const rclcpp::Time&, const rclcpp::Duration&)[m[Kâ€™:
[01m[K/home/vincent/pfe/ws/src/skid_drive_controller/src/skid_drive_controller.cpp:245:37:[m[K [01;31m[Kerror: [m[Kâ€˜[01m[Kmeasured_odom_[m[Kâ€™ was not declared in this scope
  245 |   linear_command = linear_command + [01;31m[Kmeasured_odom_[m[K;
      |                                     [01;31m[K^~~~~~~~~~~~~~[m[K
[01m[K/home/vincent/pfe/ws/src/skid_drive_controller/src/skid_drive_controller.cpp:[m[K In lambda function:
[01m[K/home/vincent/pfe/ws/src/skid_drive_controller/src/skid_drive_controller.cpp:407:7:[m[K [01;31m[Kerror: [m[Kâ€˜[01m[Kmeasured_odom_[m[Kâ€™ was not declared in this scope
  407 |       [01;31m[Kmeasured_odom_[m[K = msg;
      |       [01;31m[K^~~~~~~~~~~~~~[m[K
gmake[2]: *** [CMakeFiles/skid_drive_controller.dir/build.make:76: CMakeFiles/skid_drive_controller.dir/src/skid_drive_controller.cpp.o] Error 1
gmake[1]: *** [CMakeFiles/Makefile2:165: CMakeFiles/skid_drive_controller.dir/all] Error 2
gmake: *** [Makefile:146: all] Error 2
